{
  "0 debug pnpm:scope": {
    "selected": 1
  },
  "1 info pnpm": {
    "err": {
      "name": "Error",
      "message": "not found: vite",
      "code": "ENOENT",
      "stack": "Error: not found: vite\n    at getNotFoundError (/snapshot/dist/pnpm.cjs)\n    at Function.whichSync [as sync] (/snapshot/dist/pnpm.cjs)\n    at getCommandAbsolutePathSync (/snapshot/dist/pnpm.cjs)\n    at Object.default_1 [as default] (/snapshot/dist/pnpm.cjs)\n    at /snapshot/dist/pnpm.cjs"
    }
  },
  "2 error pnpm": {
    "code": "ERR_PNPM_RECURSIVE_EXEC_FIRST_FAIL",
    "prefix": "/home/stefan/HomeLaptop/Projects/vuevite/vite-project",
    "err": {
      "name": "pnpm",
      "message": "not found: vite",
      "code": "ERR_PNPM_RECURSIVE_EXEC_FIRST_FAIL",
      "stack": "Error: not found: vite\n    at getNotFoundError (/snapshot/dist/pnpm.cjs)\n    at Function.whichSync [as sync] (/snapshot/dist/pnpm.cjs)\n    at getCommandAbsolutePathSync (/snapshot/dist/pnpm.cjs)\n    at Object.default_1 [as default] (/snapshot/dist/pnpm.cjs)\n    at /snapshot/dist/pnpm.cjs"
    }
  }
}